# JRE version: Java(TM) SE Runtime Environment (7.0_51-b13) (build 1.7.0_51-b13)
# Java VM: Java HotSpot(TM) 64-Bit Server VM (24.51-b03 mixed mode linux-amd64 compressed oops)
Heap
 PSYoungGen      total 294400K, used 352K [0x00000007aca00000, 0x00000007bf480000, 0x0000000800000000)
  eden space 286208K, 0% used [0x00000007aca00000,0x00000007aca00000,0x00000007be180000)
  from space 8192K, 4% used [0x00000007be480000,0x00000007be4d8000,0x00000007bec80000)
  to   space 512K, 0% used [0x00000007bf400000,0x00000007bf400000,0x00000007bf480000)
 ParOldGen       total 241152K, used 108608K [0x0000000705e00000, 0x0000000714980000, 0x00000007aca00000)
  object space 241152K, 45% used [0x0000000705e00000,0x000000070c810380,0x0000000714980000)
 PSPermGen       total 44032K, used 24798K [0x0000000700c00000, 0x0000000703700000, 0x0000000705e00000)
  object space 44032K, 56% used [0x0000000700c00000,0x0000000702437860,0x0000000703700000)
GC Heap History (10 events):
Event: 220.558 GC heap after
Heap after GC invocations=185 (full 6):
 PSYoungGen      total 247296K, used 0K [0x00000007aca00000, 0x00000007c0500000, 0x0000000800000000)
  eden space 237568K, 0% used [0x00000007aca00000,0x00000007aca00000,0x00000007bb200000)
  from space 9728K, 0% used [0x00000007bf200000,0x00000007bf200000,0x00000007bfb80000)
  to   space 9216K, 0% used [0x00000007bfc00000,0x00000007bfc00000,0x00000007c0500000)
 ParOldGen       total 229376K, used 72085K [0x0000000705e00000, 0x0000000713e00000, 0x00000007aca00000)
  object space 229376K, 31% used [0x0000000705e00000,0x000000070a4654b0,0x0000000713e00000)
 PSPermGen       total 46592K, used 24797K [0x0000000700c00000, 0x0000000703980000, 0x0000000705e00000)
  object space 46592K, 53% used [0x0000000700c00000,0x00000007024375f0,0x0000000703980000)
}
Event: 222.670 GC heap before
{Heap before GC invocations=186 (full 6):
 PSYoungGen      total 247296K, used 237568K [0x00000007aca00000, 0x00000007c0500000, 0x0000000800000000)
  eden space 237568K, 100% used [0x00000007aca00000,0x00000007bb200000,0x00000007bb200000)
  from space 9728K, 0% used [0x00000007bf200000,0x00000007bf200000,0x00000007bfb80000)
  to   space 9216K, 0% used [0x00000007bfc00000,0x00000007bfc00000,0x00000007c0500000)
 ParOldGen       total 229376K, used 72085K [0x0000000705e00000, 0x0000000713e00000, 0x00000007aca00000)
  object space 229376K, 31% used [0x0000000705e00000,0x000000070a4654b0,0x0000000713e00000)
 PSPermGen       total 46592K, used 24798K [0x0000000700c00000, 0x0000000703980000, 0x0000000705e00000)
  object space 46592K, 53% used [0x0000000700c00000,0x0000000702437860,0x0000000703980000)
Event: 222.678 GC heap after
Heap after GC invocations=186 (full 6):
 PSYoungGen      total 229888K, used 320K [0x00000007aca00000, 0x00000007bfc80000, 0x0000000800000000)
  eden space 229376K, 0% used [0x00000007aca00000,0x00000007aca00000,0x00000007baa00000)
  from space 512K, 62% used [0x00000007bfc00000,0x00000007bfc50000,0x00000007bfc80000)
  to   space 9216K, 0% used [0x00000007bea80000,0x00000007bea80000,0x00000007bf380000)
 ParOldGen       total 229376K, used 108535K [0x0000000705e00000, 0x0000000713e00000, 0x00000007aca00000)
  object space 229376K, 47% used [0x0000000705e00000,0x000000070c7fdcc0,0x0000000713e00000)
 PSPermGen       total 46592K, used 24798K [0x0000000700c00000, 0x0000000703980000, 0x0000000705e00000)
  object space 46592K, 53% used [0x0000000700c00000,0x0000000702437860,0x0000000703980000)
}
Event: 223.416 GC heap before
{Heap before GC invocations=187 (full 6):
 PSYoungGen      total 229888K, used 229696K [0x00000007aca00000, 0x00000007bfc80000, 0x0000000800000000)
  eden space 229376K, 100% used [0x00000007aca00000,0x00000007baa00000,0x00000007baa00000)
  from space 512K, 62% used [0x00000007bfc00000,0x00000007bfc50000,0x00000007bfc80000)
  to   space 9216K, 0% used [0x00000007bea80000,0x00000007bea80000,0x00000007bf380000)
 ParOldGen       total 229376K, used 108535K [0x0000000705e00000, 0x0000000713e00000, 0x00000007aca00000)
  object space 229376K, 47% used [0x0000000705e00000,0x000000070c7fdcc0,0x0000000713e00000)
 PSPermGen       total 46592K, used 24798K [0x0000000700c00000, 0x0000000703980000, 0x0000000705e00000)
  object space 46592K, 53% used [0x0000000700c00000,0x0000000702437860,0x0000000703980000)
Event: 223.424 GC heap after
Heap after GC invocations=187 (full 6):
 PSYoungGen      total 264704K, used 388K [0x00000007aca00000, 0x00000007bfc80000, 0x0000000800000000)
  eden space 255488K, 0% used [0x00000007aca00000,0x00000007aca00000,0x00000007bc380000)
  from space 9216K, 4% used [0x00000007bea80000,0x00000007beae11a0,0x00000007bf380000)
  to   space 8704K, 0% used [0x00000007bf400000,0x00000007bf400000,0x00000007bfc80000)
 ParOldGen       total 229376K, used 144985K [0x0000000705e00000, 0x0000000713e00000, 0x00000007aca00000)
  object space 229376K, 63% used [0x0000000705e00000,0x000000070eb964d0,0x0000000713e00000)
 PSPermGen       total 46592K, used 24798K [0x0000000700c00000, 0x0000000703980000, 0x0000000705e00000)
  object space 46592K, 53% used [0x0000000700c00000,0x0000000702437860,0x0000000703980000)
}
Event: 224.270 GC heap before
{Heap before GC invocations=188 (full 6):
 PSYoungGen      total 264704K, used 255876K [0x00000007aca00000, 0x00000007bfc80000, 0x0000000800000000)
  eden space 255488K, 100% used [0x00000007aca00000,0x00000007bc380000,0x00000007bc380000)
  from space 9216K, 4% used [0x00000007bea80000,0x00000007beae11a0,0x00000007bf380000)
  to   space 8704K, 0% used [0x00000007bf400000,0x00000007bf400000,0x00000007bfc80000)
 ParOldGen       total 229376K, used 144985K [0x0000000705e00000, 0x0000000713e00000, 0x00000007aca00000)
  object space 229376K, 63% used [0x0000000705e00000,0x000000070eb964d0,0x0000000713e00000)
 PSPermGen       total 46592K, used 24798K [0x0000000700c00000, 0x0000000703980000, 0x0000000705e00000)
  object space 46592K, 53% used [0x0000000700c00000,0x0000000702437860,0x0000000703980000)
Event: 224.278 GC heap after
Heap after GC invocations=188 (full 6):
 PSYoungGen      total 286720K, used 320K [0x00000007aca00000, 0x00000007bf480000, 0x0000000800000000)
  eden space 286208K, 0% used [0x00000007aca00000,0x00000007aca00000,0x00000007be180000)
  from space 512K, 62% used [0x00000007bf400000,0x00000007bf450000,0x00000007bf480000)
  to   space 8192K, 0% used [0x00000007be480000,0x00000007be480000,0x00000007bec80000)
 ParOldGen       total 229376K, used 181644K [0x0000000705e00000, 0x0000000713e00000, 0x00000007aca00000)
  object space 229376K, 79% used [0x0000000705e00000,0x0000000710f632a0,0x0000000713e00000)
 PSPermGen       total 46592K, used 24798K [0x0000000700c00000, 0x0000000703980000, 0x0000000705e00000)
  object space 46592K, 53% used [0x0000000700c00000,0x0000000702437860,0x0000000703980000)
}
Event: 224.278 GC heap before
{Heap before GC invocations=189 (full 7):
 PSYoungGen      total 286720K, used 320K [0x00000007aca00000, 0x00000007bf480000, 0x0000000800000000)
  eden space 286208K, 0% used [0x00000007aca00000,0x00000007aca00000,0x00000007be180000)
  from space 512K, 62% used [0x00000007bf400000,0x00000007bf450000,0x00000007bf480000)
  to   space 8192K, 0% used [0x00000007be480000,0x00000007be480000,0x00000007bec80000)
 ParOldGen       total 229376K, used 181644K [0x0000000705e00000, 0x0000000713e00000, 0x00000007aca00000)
  object space 229376K, 79% used [0x0000000705e00000,0x0000000710f632a0,0x0000000713e00000)
 PSPermGen       total 46592K, used 24798K [0x0000000700c00000, 0x0000000703980000, 0x0000000705e00000)
  object space 46592K, 53% used [0x0000000700c00000,0x0000000702437860,0x0000000703980000)
Event: 224.317 GC heap after
Heap after GC invocations=189 (full 7):
 PSYoungGen      total 286720K, used 0K [0x00000007aca00000, 0x00000007bf480000, 0x0000000800000000)
  eden space 286208K, 0% used [0x00000007aca00000,0x00000007aca00000,0x00000007be180000)
  from space 512K, 0% used [0x00000007bf400000,0x00000007bf400000,0x00000007bf480000)
  to   space 8192K, 0% used [0x00000007be480000,0x00000007be480000,0x00000007bec80000)
 ParOldGen       total 241152K, used 72158K [0x0000000705e00000, 0x0000000714980000, 0x00000007aca00000)
  object space 241152K, 29% used [0x0000000705e00000,0x000000070a477b70,0x0000000714980000)
 PSPermGen       total 44032K, used 24798K [0x0000000700c00000, 0x0000000703700000, 0x0000000705e00000)
  object space 44032K, 56% used [0x0000000700c00000,0x0000000702437860,0x0000000703700000)
}
Event: 225.179 GC heap before
{Heap before GC invocations=190 (full 7):
 PSYoungGen      total 286720K, used 286208K [0x00000007aca00000, 0x00000007bf480000, 0x0000000800000000)
  eden space 286208K, 100% used [0x00000007aca00000,0x00000007be180000,0x00000007be180000)
  from space 512K, 0% used [0x00000007bf400000,0x00000007bf400000,0x00000007bf480000)
  to   space 8192K, 0% used [0x00000007be480000,0x00000007be480000,0x00000007bec80000)
 ParOldGen       total 241152K, used 72158K [0x0000000705e00000, 0x0000000714980000, 0x00000007aca00000)
  object space 241152K, 29% used [0x0000000705e00000,0x000000070a477b70,0x0000000714980000)
 PSPermGen       total 44032K, used 24798K [0x0000000700c00000, 0x0000000703700000, 0x0000000705e00000)
  object space 44032K, 56% used [0x0000000700c00000,0x0000000702437860,0x0000000703700000)

